#
# A fatal error has been detected by the Java Runtime Environment:
#
#  SIGSEGV (0xb) at pc=0x00000001149327d0, pid=8160, tid=43855
#
# JRE version: Java(TM) SE Runtime Environment (7.0_60-b19) (build 1.7.0_60-b19)
# Java VM: Java HotSpot(TM) 64-Bit Server VM (24.60-b09 mixed mode bsd-amd64 compressed oops)
# Problematic frame:
# C  [libboost_serialization.dylib+0x97d0]  boost::serialization::typeid_system::extended_type_info_typeid_0::is_equal(boost::serialization::extended_type_info const&) const+0x10
#
# Failed to write core dump. Core dumps have been disabled. To enable core dumping, try "ulimit -c unlimited" before starting Java again
#
# If you would like to submit a bug report, please visit:
#   http://bugreport.sun.com/bugreport/crash.jsp
# The crash happened outside the Java Virtual Machine in native code.
# See problematic frame for where to report the bug.
#

---------------  T H R E A D  ---------------

Current thread (0x00007f8ff38d2000):  JavaThread "AWT-EventQueue-0" [_thread_in_native, id=43855, stack(0x00007000012d9000,0x00007000013d9000)]

siginfo:si_signo=SIGSEGV: si_errno=0, si_code=1 (SEGV_MAPERR), si_addr=0x0000000000000008

Registers:
RAX=0x0000000000000000, RBX=0x0000000114958e60, RCX=0x0000000117a4a080, RDX=0x00007f8ff3407b80
RSP=0x00007000013d2ff0, RBP=0x00007000013d2ff0, RSI=0x0000000114c59d68, RDI=0x0000000117a95fb8
R8 =0x0000000000000002, R9 =0x00000000f8000000, R10=0x0000000000000004, R11=0x00007f8ff3400000
R12=0x00007f8ff3407b80, R13=0x00007fff65b4e5c8, R14=0x0000000117a96108, R15=0x0000000117a959d0
RIP=0x00000001149327d0, EFLAGS=0x0000000000010246, ERR=0x0000000000000004
  TRAPNO=0x000000000000000e

Top of Stack: (sp=0x00007000013d2ff0)
0x00007000013d2ff0:   00007000013d3000 000000011493251b
0x00007000013d3000:   00007000013d30e0 0000000114936942
0x00007000013d3010:   00000001149587b8 00007000013d30b0
0x00007000013d3020:   0000000117a96108 00007fff9e1fd3ba
0x00007000013d3030:   0000000114958701 0000000000000028
0x00007000013d3040:   00007fff7c32b148 0000000000000000
0x00007000013d3050:   0000000100000000 0000000000000000
0x00007000013d3060:   00000000013d30a0 00007fff7c32b164
0x00007000013d3070:   0000000117a95fb8 0000000117a95fe0
0x00007000013d3080:   0000000117a84eb8 00007fff65b4e5c8
0x00007000013d3090:   00007fff7c32b120 00000000fffffffc
0x00007000013d30a0:   0000000117a96108 00007f8ff3407b80
0x00007000013d30b0:   0000000000000001 0000000117a96108
0x00007000013d30c0:   0000000117a84eb8 00007fff65b4e5c8
0x00007000013d30d0:   0000000117a959d8 0000000117a959d0
0x00007000013d30e0:   00007000013d3100 0000000117590fb6
0x00007000013d30f0:   0000000000000000 0000000117a94fa8
0x00007000013d3100:   00007000013d3130 00000001175955de
0x00007000013d3110:   0000000117595570 0000000117a84eb8
0x00007000013d3120:   00007f8ff34a61d0 0000000000000005
0x00007000013d3130:   00007000013d31a0 00007fff65b2810b
0x00007000013d3140:   00000033013d31c0 0000000000000001
0x00007000013d3150:   0000000117552298 0000000117552560
0x00007000013d3160:   00000001175523d0 00007fff65b4e690
0x00007000013d3170:   0000000000000085 00007f8ff34a61d0
0x00007000013d3180:   00007000013d32f0 000000000000ab4f
0x00007000013d3190:   00007fff65b4e5c8 00007fff65b59aa0
0x00007000013d31a0:   00007000013d31c0 00007fff65b28284
0x00007000013d31b0:   00007f8ff34a61d0 0000db5435fb98d6
0x00007000013d31c0:   00007000013d3220 00007fff65b248bd
0x00007000013d31d0:   00000000561231a0 0000002df35ba2b0
0x00007000013d31e0:   00007000013d4750 00007fff65b4e5c8 

Instructions: (pc=0x00000001149327d0)
0x00000001149327b0:   8b 4f 18 48 8b 49 08 48 3b 48 08 0f 92 c0 5d c3
0x00000001149327c0:   55 48 89 e5 48 8b 46 18 48 8b 4f 18 48 8b 49 08
0x00000001149327d0:   48 3b 48 08 0f 94 c0 5d c3 0f 1f 80 00 00 00 00
0x00000001149327e0:   55 48 89 e5 53 50 48 89 f0 48 89 fb be 01 00 00 

Register to memory mapping:

RAX=0x0000000000000000 is an unknown value
RBX=0x0000000114958e60: _ZZN5boost13serialization9singletonINSt3__13setIPKNS0_16void_cast_detail11void_casterENS4_19void_caster_compareENS2_9allocatorIS7_EEEEE12get_instanceEvE1t+0x8 in /Applications/MATLAB_R2015a.app/bin/maci64/libboost_serialization.dylib at 0x0000000114929000
RCX=